{
  "uid" : "2c8386296d821d8a",
  "name" : "Test01 - Login to Grafana via credentials from the DB",
  "fullName" : "sanity.GrafanaWebDB.test01_checkTitle",
  "historyId" : "2cf208d2857ce38be97b66a332d3b577",
  "time" : {
    "start" : 1631362174678,
    "stop" : 1631362177700,
    "duration" : 3022
  },
  "description" : "This test checks login using credentials received from DB",
  "descriptionHtml" : "<p>This test checks login using credentials received from DB</p>\n",
  "status" : "failed",
  "statusMessage" : "expected [Welcome to Graf] but found [Welcome to Grafana]",
  "statusTrace" : "java.lang.AssertionError: expected [Welcome to Graf] but found [Welcome to Grafana]\r\n\tat org.testng.Assert.fail(Assert.java:97)\r\n\tat org.testng.Assert.assertEqualsImpl(Assert.java:136)\r\n\tat org.testng.Assert.assertEquals(Assert.java:118)\r\n\tat org.testng.Assert.assertEquals(Assert.java:575)\r\n\tat org.testng.Assert.assertEquals(Assert.java:585)\r\n\tat extensions.Verifications.verifyElemText(Verifications.java:18)\r\n\tat sanity.GrafanaWebDB.test01_checkTitle(GrafanaWebDB.java:16)\r\n\tat sun.reflect.NativeMethodAccessorImpl.invoke0(Native Method)\r\n\tat sun.reflect.NativeMethodAccessorImpl.invoke(NativeMethodAccessorImpl.java:62)\r\n\tat sun.reflect.DelegatingMethodAccessorImpl.invoke(DelegatingMethodAccessorImpl.java:43)\r\n\tat java.lang.reflect.Method.invoke(Method.java:498)\r\n\tat org.testng.internal.MethodInvocationHelper.invokeMethod(MethodInvocationHelper.java:133)\r\n\tat org.testng.internal.TestInvoker.invokeMethod(TestInvoker.java:584)\r\n\tat org.testng.internal.TestInvoker.invokeTestMethod(TestInvoker.java:172)\r\n\tat org.testng.internal.MethodRunner.runInSequence(MethodRunner.java:46)\r\n\tat org.testng.internal.TestInvoker$MethodInvocationAgent.invoke(TestInvoker.java:804)\r\n\tat org.testng.internal.TestInvoker.invokeTestMethods(TestInvoker.java:145)\r\n\tat org.testng.internal.TestMethodWorker.invokeTestMethods(TestMethodWorker.java:146)\r\n\tat org.testng.internal.TestMethodWorker.run(TestMethodWorker.java:128)\r\n\tat java.util.ArrayList.forEach(ArrayList.java:1257)\r\n\tat org.testng.TestRunner.privateRun(TestRunner.java:770)\r\n\tat org.testng.TestRunner.run(TestRunner.java:591)\r\n\tat org.testng.SuiteRunner.runTest(SuiteRunner.java:402)\r\n\tat org.testng.SuiteRunner.runSequentially(SuiteRunner.java:396)\r\n\tat org.testng.SuiteRunner.privateRun(SuiteRunner.java:355)\r\n\tat org.testng.SuiteRunner.run(SuiteRunner.java:304)\r\n\tat org.testng.SuiteRunnerWorker.runSuite(SuiteRunnerWorker.java:53)\r\n\tat org.testng.SuiteRunnerWorker.run(SuiteRunnerWorker.java:96)\r\n\tat org.testng.TestNG.runSuitesSequentially(TestNG.java:1180)\r\n\tat org.testng.TestNG.runSuitesLocally(TestNG.java:1102)\r\n\tat org.testng.TestNG.runSuites(TestNG.java:1032)\r\n\tat org.testng.TestNG.run(TestNG.java:1000)\r\n\tat org.apache.maven.surefire.testng.TestNGExecutor.run(TestNGExecutor.java:283)\r\n\tat org.apache.maven.surefire.testng.TestNGXmlTestSuite.execute(TestNGXmlTestSuite.java:75)\r\n\tat org.apache.maven.surefire.testng.TestNGProvider.invoke(TestNGProvider.java:120)\r\n\tat org.apache.maven.surefire.booter.ForkedBooter.invokeProviderInSameClassLoader(ForkedBooter.java:384)\r\n\tat org.apache.maven.surefire.booter.ForkedBooter.runSuitesInProcess(ForkedBooter.java:345)\r\n\tat org.apache.maven.surefire.booter.ForkedBooter.execute(ForkedBooter.java:126)\r\n\tat org.apache.maven.surefire.booter.ForkedBooter.main(ForkedBooter.java:418)\r\n",
  "flaky" : false,
  "newFailed" : false,
  "beforeStages" : [ {
    "name" : "startSession",
    "time" : {
      "start" : 1631362166545,
      "stop" : 1631362174124,
      "duration" : 7579
    },
    "description" : "",
    "status" : "passed",
    "steps" : [ ],
    "attachments" : [ ],
    "parameters" : [ ],
    "hasContent" : false,
    "stepsCount" : 0,
    "attachmentsCount" : 0,
    "shouldDisplayMessage" : false
  }, {
    "name" : "beforeMethod",
    "time" : {
      "start" : 1631362174148,
      "stop" : 1631362174249,
      "duration" : 101
    },
    "description" : "",
    "status" : "passed",
    "steps" : [ ],
    "attachments" : [ ],
    "parameters" : [ ],
    "hasContent" : false,
    "stepsCount" : 0,
    "attachmentsCount" : 0,
    "shouldDisplayMessage" : false
  } ],
  "testStage" : {
    "description" : "This test checks login using credentials received from DB",
    "status" : "failed",
    "statusMessage" : "expected [Welcome to Graf] but found [Welcome to Grafana]",
    "statusTrace" : "java.lang.AssertionError: expected [Welcome to Graf] but found [Welcome to Grafana]\r\n\tat org.testng.Assert.fail(Assert.java:97)\r\n\tat org.testng.Assert.assertEqualsImpl(Assert.java:136)\r\n\tat org.testng.Assert.assertEquals(Assert.java:118)\r\n\tat org.testng.Assert.assertEquals(Assert.java:575)\r\n\tat org.testng.Assert.assertEquals(Assert.java:585)\r\n\tat extensions.Verifications.verifyElemText(Verifications.java:18)\r\n\tat sanity.GrafanaWebDB.test01_checkTitle(GrafanaWebDB.java:16)\r\n\tat sun.reflect.NativeMethodAccessorImpl.invoke0(Native Method)\r\n\tat sun.reflect.NativeMethodAccessorImpl.invoke(NativeMethodAccessorImpl.java:62)\r\n\tat sun.reflect.DelegatingMethodAccessorImpl.invoke(DelegatingMethodAccessorImpl.java:43)\r\n\tat java.lang.reflect.Method.invoke(Method.java:498)\r\n\tat org.testng.internal.MethodInvocationHelper.invokeMethod(MethodInvocationHelper.java:133)\r\n\tat org.testng.internal.TestInvoker.invokeMethod(TestInvoker.java:584)\r\n\tat org.testng.internal.TestInvoker.invokeTestMethod(TestInvoker.java:172)\r\n\tat org.testng.internal.MethodRunner.runInSequence(MethodRunner.java:46)\r\n\tat org.testng.internal.TestInvoker$MethodInvocationAgent.invoke(TestInvoker.java:804)\r\n\tat org.testng.internal.TestInvoker.invokeTestMethods(TestInvoker.java:145)\r\n\tat org.testng.internal.TestMethodWorker.invokeTestMethods(TestMethodWorker.java:146)\r\n\tat org.testng.internal.TestMethodWorker.run(TestMethodWorker.java:128)\r\n\tat java.util.ArrayList.forEach(ArrayList.java:1257)\r\n\tat org.testng.TestRunner.privateRun(TestRunner.java:770)\r\n\tat org.testng.TestRunner.run(TestRunner.java:591)\r\n\tat org.testng.SuiteRunner.runTest(SuiteRunner.java:402)\r\n\tat org.testng.SuiteRunner.runSequentially(SuiteRunner.java:396)\r\n\tat org.testng.SuiteRunner.privateRun(SuiteRunner.java:355)\r\n\tat org.testng.SuiteRunner.run(SuiteRunner.java:304)\r\n\tat org.testng.SuiteRunnerWorker.runSuite(SuiteRunnerWorker.java:53)\r\n\tat org.testng.SuiteRunnerWorker.run(SuiteRunnerWorker.java:96)\r\n\tat org.testng.TestNG.runSuitesSequentially(TestNG.java:1180)\r\n\tat org.testng.TestNG.runSuitesLocally(TestNG.java:1102)\r\n\tat org.testng.TestNG.runSuites(TestNG.java:1032)\r\n\tat org.testng.TestNG.run(TestNG.java:1000)\r\n\tat org.apache.maven.surefire.testng.TestNGExecutor.run(TestNGExecutor.java:283)\r\n\tat org.apache.maven.surefire.testng.TestNGXmlTestSuite.execute(TestNGXmlTestSuite.java:75)\r\n\tat org.apache.maven.surefire.testng.TestNGProvider.invoke(TestNGProvider.java:120)\r\n\tat org.apache.maven.surefire.booter.ForkedBooter.invokeProviderInSameClassLoader(ForkedBooter.java:384)\r\n\tat org.apache.maven.surefire.booter.ForkedBooter.runSuitesInProcess(ForkedBooter.java:345)\r\n\tat org.apache.maven.surefire.booter.ForkedBooter.execute(ForkedBooter.java:126)\r\n\tat org.apache.maven.surefire.booter.ForkedBooter.main(ForkedBooter.java:418)\r\n",
    "steps" : [ {
      "name" : "Work Flow: Login via credentials from DB",
      "time" : {
        "start" : 1631362174727,
        "stop" : 1631362176842,
        "duration" : 2115
      },
      "status" : "passed",
      "steps" : [ {
        "name" : "Get credentials from DB",
        "time" : {
          "start" : 1631362174738,
          "stop" : 1631362174843,
          "duration" : 105
        },
        "status" : "passed",
        "steps" : [ ],
        "attachments" : [ ],
        "parameters" : [ {
          "name" : "query",
          "value" : "SELECT name, password FROM Users where id ='5'"
        } ],
        "hasContent" : true,
        "stepsCount" : 0,
        "attachmentsCount" : 0,
        "shouldDisplayMessage" : false
      }, {
        "name" : "Update Text Element",
        "time" : {
          "start" : 1631362174888,
          "stop" : 1631362175129,
          "duration" : 241
        },
        "status" : "passed",
        "steps" : [ ],
        "attachments" : [ ],
        "parameters" : [ {
          "name" : "elem",
          "value" : "[[ChromeDriver: chrome on WINDOWS (57603779499dada7b0d80e239578f3ef)] -> name: user]"
        }, {
          "name" : "text",
          "value" : "admin"
        } ],
        "hasContent" : true,
        "stepsCount" : 0,
        "attachmentsCount" : 0,
        "shouldDisplayMessage" : false
      }, {
        "name" : "Update Text Element",
        "time" : {
          "start" : 1631362175294,
          "stop" : 1631362175692,
          "duration" : 398
        },
        "status" : "passed",
        "steps" : [ ],
        "attachments" : [ ],
        "parameters" : [ {
          "name" : "elem",
          "value" : "[[ChromeDriver: chrome on WINDOWS (57603779499dada7b0d80e239578f3ef)] -> name: password]"
        }, {
          "name" : "text",
          "value" : "admin"
        } ],
        "hasContent" : true,
        "stepsCount" : 0,
        "attachmentsCount" : 0,
        "shouldDisplayMessage" : false
      }, {
        "name" : "Click on Element",
        "time" : {
          "start" : 1631362175757,
          "stop" : 1631362176025,
          "duration" : 268
        },
        "status" : "passed",
        "steps" : [ ],
        "attachments" : [ ],
        "parameters" : [ {
          "name" : "elem",
          "value" : "[[ChromeDriver: chrome on WINDOWS (57603779499dada7b0d80e239578f3ef)] -> css selector: button[class='css-1daj7gy-button']]"
        } ],
        "hasContent" : true,
        "stepsCount" : 0,
        "attachmentsCount" : 0,
        "shouldDisplayMessage" : false
      }, {
        "name" : "Click on Element",
        "time" : {
          "start" : 1631362176114,
          "stop" : 1631362176841,
          "duration" : 727
        },
        "status" : "passed",
        "steps" : [ ],
        "attachments" : [ ],
        "parameters" : [ {
          "name" : "elem",
          "value" : "[[ChromeDriver: chrome on WINDOWS (57603779499dada7b0d80e239578f3ef)] -> xpath: //button[@class='css-8waqwc-button']]"
        } ],
        "hasContent" : true,
        "stepsCount" : 0,
        "attachmentsCount" : 0,
        "shouldDisplayMessage" : false
      } ],
      "attachments" : [ ],
      "parameters" : [ ],
      "hasContent" : true,
      "stepsCount" : 5,
      "attachmentsCount" : 0,
      "shouldDisplayMessage" : false
    }, {
      "name" : "Verify Text in Element",
      "time" : {
        "start" : 1631362176989,
        "stop" : 1631362177117,
        "duration" : 128
      },
      "status" : "failed",
      "statusMessage" : "expected [Welcome to Graf] but found [Welcome to Grafana]",
      "statusTrace" : "java.lang.AssertionError: expected [Welcome to Graf] but found [Welcome to Grafana]\r\n\tat org.testng.Assert.fail(Assert.java:97)\r\n\tat org.testng.Assert.assertEqualsImpl(Assert.java:136)\r\n\tat org.testng.Assert.assertEquals(Assert.java:118)\r\n\tat org.testng.Assert.assertEquals(Assert.java:575)\r\n\tat org.testng.Assert.assertEquals(Assert.java:585)\r\n\tat extensions.Verifications.verifyElemText(Verifications.java:18)\r\n\tat sanity.GrafanaWebDB.test01_checkTitle(GrafanaWebDB.java:16)\r\n\tat sun.reflect.NativeMethodAccessorImpl.invoke0(Native Method)\r\n\tat sun.reflect.NativeMethodAccessorImpl.invoke(NativeMethodAccessorImpl.java:62)\r\n\tat sun.reflect.DelegatingMethodAccessorImpl.invoke(DelegatingMethodAccessorImpl.java:43)\r\n\tat java.lang.reflect.Method.invoke(Method.java:498)\r\n\tat org.testng.internal.MethodInvocationHelper.invokeMethod(MethodInvocationHelper.java:133)\r\n\tat org.testng.internal.TestInvoker.invokeMethod(TestInvoker.java:584)\r\n\tat org.testng.internal.TestInvoker.invokeTestMethod(TestInvoker.java:172)\r\n\tat org.testng.internal.MethodRunner.runInSequence(MethodRunner.java:46)\r\n\tat org.testng.internal.TestInvoker$MethodInvocationAgent.invoke(TestInvoker.java:804)\r\n\tat org.testng.internal.TestInvoker.invokeTestMethods(TestInvoker.java:145)\r\n\tat org.testng.internal.TestMethodWorker.invokeTestMethods(TestMethodWorker.java:146)\r\n\tat org.testng.internal.TestMethodWorker.run(TestMethodWorker.java:128)\r\n\tat java.util.ArrayList.forEach(ArrayList.java:1257)\r\n\tat org.testng.TestRunner.privateRun(TestRunner.java:770)\r\n\tat org.testng.TestRunner.run(TestRunner.java:591)\r\n\tat org.testng.SuiteRunner.runTest(SuiteRunner.java:402)\r\n\tat org.testng.SuiteRunner.runSequentially(SuiteRunner.java:396)\r\n\tat org.testng.SuiteRunner.privateRun(SuiteRunner.java:355)\r\n\tat org.testng.SuiteRunner.run(SuiteRunner.java:304)\r\n\tat org.testng.SuiteRunnerWorker.runSuite(SuiteRunnerWorker.java:53)\r\n\tat org.testng.SuiteRunnerWorker.run(SuiteRunnerWorker.java:96)\r\n\tat org.testng.TestNG.runSuitesSequentially(TestNG.java:1180)\r\n\tat org.testng.TestNG.runSuitesLocally(TestNG.java:1102)\r\n\tat org.testng.TestNG.runSuites(TestNG.java:1032)\r\n\tat org.testng.TestNG.run(TestNG.java:1000)\r\n\tat org.apache.maven.surefire.testng.TestNGExecutor.run(TestNGExecutor.java:283)\r\n\tat org.apache.maven.surefire.testng.TestNGXmlTestSuite.execute(TestNGXmlTestSuite.java:75)\r\n\tat org.apache.maven.surefire.testng.TestNGProvider.invoke(TestNGProvider.java:120)\r\n\tat org.apache.maven.surefire.booter.ForkedBooter.invokeProviderInSameClassLoader(ForkedBooter.java:384)\r\n\tat org.apache.maven.surefire.booter.ForkedBooter.runSuitesInProcess(ForkedBooter.java:345)\r\n\tat org.apache.maven.surefire.booter.ForkedBooter.execute(ForkedBooter.java:126)\r\n\tat org.apache.maven.surefire.booter.ForkedBooter.main(ForkedBooter.java:418)\r\n",
      "steps" : [ ],
      "attachments" : [ ],
      "parameters" : [ {
        "name" : "elem",
        "value" : "[[ChromeDriver: chrome on WINDOWS (57603779499dada7b0d80e239578f3ef)] -> xpath: //h1[@class='css-jjwbqw']]"
      }, {
        "name" : "expected",
        "value" : "Welcome to Graf"
      } ],
      "hasContent" : true,
      "stepsCount" : 0,
      "attachmentsCount" : 0,
      "shouldDisplayMessage" : true
    } ],
    "attachments" : [ {
      "uid" : "f38df2d285e654d3",
      "name" : "Page Screen-shot",
      "source" : "f38df2d285e654d3.png",
      "type" : "image/png",
      "size" : 302750
    } ],
    "parameters" : [ ],
    "hasContent" : true,
    "stepsCount" : 7,
    "attachmentsCount" : 1,
    "shouldDisplayMessage" : false
  },
  "afterStages" : [ {
    "name" : "afterMethod",
    "time" : {
      "start" : 1631362177735,
      "stop" : 1631362178114,
      "duration" : 379
    },
    "description" : "",
    "status" : "passed",
    "steps" : [ ],
    "attachments" : [ ],
    "parameters" : [ ],
    "hasContent" : false,
    "stepsCount" : 0,
    "attachmentsCount" : 0,
    "shouldDisplayMessage" : false
  }, {
    "name" : "closeStation",
    "time" : {
      "start" : 1631362178118,
      "stop" : 1631362179286,
      "duration" : 1168
    },
    "description" : "",
    "status" : "passed",
    "steps" : [ ],
    "attachments" : [ ],
    "parameters" : [ ],
    "hasContent" : false,
    "stepsCount" : 0,
    "attachmentsCount" : 0,
    "shouldDisplayMessage" : false
  } ],
  "labels" : [ {
    "name" : "package",
    "value" : "sanity.GrafanaWebDB"
  }, {
    "name" : "testClass",
    "value" : "sanity.GrafanaWebDB"
  }, {
    "name" : "testMethod",
    "value" : "test01_checkTitle"
  }, {
    "name" : "parentSuite",
    "value" : "Web Suite"
  }, {
    "name" : "suite",
    "value" : "Web tests"
  }, {
    "name" : "subSuite",
    "value" : "sanity.GrafanaWebDB"
  }, {
    "name" : "host",
    "value" : "LAPTOP-S56D0AUO"
  }, {
    "name" : "thread",
    "value" : "16884@LAPTOP-S56D0AUO.main(1)"
  }, {
    "name" : "framework",
    "value" : "testng"
  }, {
    "name" : "language",
    "value" : "java"
  }, {
    "name" : "resultFormat",
    "value" : "allure2"
  } ],
  "parameters" : [ {
    "name" : "PlatformName",
    "value" : "web"
  } ],
  "links" : [ ],
  "hidden" : false,
  "retry" : false,
  "extra" : {
    "severity" : "normal",
    "retries" : [ {
      "uid" : "856e29b58d19fc99",
      "status" : "failed",
      "statusDetails" : "expected [Welcome to Graf] but found [Welcome to Grafana]",
      "time" : {
        "start" : 1631361937677,
        "stop" : 1631361939710,
        "duration" : 2033
      }
    }, {
      "uid" : "306a2722767ecc12",
      "status" : "failed",
      "statusDetails" : "expected [Welcome to Graf] but found [Welcome to Grafana]",
      "time" : {
        "start" : 1631359469256,
        "stop" : 1631359470792,
        "duration" : 1536
      }
    }, {
      "uid" : "931ed78c98f82dca",
      "status" : "failed",
      "statusDetails" : "expected [Welcome to Graf] but found [Welcome to Grafana]",
      "time" : {
        "start" : 1631359444229,
        "stop" : 1631359445733,
        "duration" : 1504
      }
    } ],
    "categories" : [ {
      "name" : "Product defects",
      "matchedStatuses" : [ ],
      "flaky" : false
    } ],
    "history" : {
      "statistic" : {
        "failed" : 5,
        "broken" : 0,
        "skipped" : 0,
        "passed" : 0,
        "unknown" : 0,
        "total" : 5
      },
      "items" : [ {
        "uid" : "16c9db40d1936fe7",
        "reportUrl" : "http://localhost:9090/job/Sanity%20Tests%20Electron%20Automation/5/allure/#testresult/16c9db40d1936fe7",
        "status" : "failed",
        "statusDetails" : "expected [Welcome to Graf] but found [Welcome to Grafana]",
        "time" : {
          "start" : 1631362174678,
          "stop" : 1631362177700,
          "duration" : 3022
        }
      }, {
        "uid" : "62a7026e01f92e52",
        "reportUrl" : "http://localhost:9090/job/Sanity%20Tests%20Electron%20Automation/4/allure/#testresult/62a7026e01f92e52",
        "status" : "failed",
        "statusDetails" : "expected [Welcome to Graf] but found [Welcome to Grafana]",
        "time" : {
          "start" : 1631362174678,
          "stop" : 1631362177700,
          "duration" : 3022
        }
      }, {
        "uid" : "5560a8832fffb9cf",
        "reportUrl" : "http://localhost:9090/job/Sanity%20Tests%20Electron%20Automation/3/allure/#testresult/5560a8832fffb9cf",
        "status" : "failed",
        "statusDetails" : "expected [Welcome to Graf] but found [Welcome to Grafana]",
        "time" : {
          "start" : 1631362174678,
          "stop" : 1631362177700,
          "duration" : 3022
        }
      }, {
        "uid" : "680740ec0ab9ed95",
        "reportUrl" : "http://localhost:9090/job/Sanity%20Tests%20Electron%20Automation/2/allure/#testresult/680740ec0ab9ed95",
        "status" : "failed",
        "statusDetails" : "expected [Welcome to Graf] but found [Welcome to Grafana]",
        "time" : {
          "start" : 1631362174678,
          "stop" : 1631362177700,
          "duration" : 3022
        }
      } ]
    },
    "tags" : [ ]
  },
  "source" : "2c8386296d821d8a.json",
  "parameterValues" : [ "web" ]
}