{
  "uid" : "aad8fc65209c8672",
  "name" : "Test07 - Verify user's pic icon",
  "fullName" : "sanity.GrafanaWeb.test07_verifySearchUsern",
  "historyId" : "3a850f4d3f53f584cfb5cf59b09cabbc",
  "time" : {
    "start" : 1631362181719,
    "stop" : 1631362185562,
    "duration" : 3843
  },
  "description" : "This test verifies user search functionality",
  "descriptionHtml" : "<p>This test verifies user search functionality</p>\n",
  "status" : "failed",
  "statusMessage" : "did not expect to find [false] but found [true]",
  "statusTrace" : "java.lang.AssertionError: did not expect to find [false] but found [true]\r\n\tat org.testng.Assert.fail(Assert.java:97)\r\n\tat org.testng.Assert.failNotEquals(Assert.java:969)\r\n\tat org.testng.Assert.assertFalse(Assert.java:65)\r\n\tat org.testng.Assert.assertFalse(Assert.java:75)\r\n\tat extensions.Verifications.elemAbsence(Verifications.java:48)\r\n\tat workflows.WebFlows.searchAndCheckUser(WebFlows.java:50)\r\n\tat sanity.GrafanaWeb.test07_verifySearchUsern(GrafanaWeb.java:58)\r\n\tat sun.reflect.NativeMethodAccessorImpl.invoke0(Native Method)\r\n\tat sun.reflect.NativeMethodAccessorImpl.invoke(NativeMethodAccessorImpl.java:62)\r\n\tat sun.reflect.DelegatingMethodAccessorImpl.invoke(DelegatingMethodAccessorImpl.java:43)\r\n\tat java.lang.reflect.Method.invoke(Method.java:498)\r\n\tat org.testng.internal.MethodInvocationHelper.invokeMethod(MethodInvocationHelper.java:133)\r\n\tat org.testng.internal.TestInvoker.invokeMethod(TestInvoker.java:584)\r\n\tat org.testng.internal.TestInvoker.invokeTestMethod(TestInvoker.java:172)\r\n\tat org.testng.internal.MethodRunner.runInSequence(MethodRunner.java:46)\r\n\tat org.testng.internal.TestInvoker$MethodInvocationAgent.invoke(TestInvoker.java:804)\r\n\tat org.testng.internal.TestInvoker.invokeTestMethods(TestInvoker.java:145)\r\n\tat org.testng.internal.TestMethodWorker.invokeTestMethods(TestMethodWorker.java:146)\r\n\tat org.testng.internal.TestMethodWorker.run(TestMethodWorker.java:128)\r\n\tat java.util.ArrayList.forEach(ArrayList.java:1257)\r\n\tat org.testng.TestRunner.privateRun(TestRunner.java:770)\r\n\tat org.testng.TestRunner.run(TestRunner.java:591)\r\n\tat org.testng.SuiteRunner.runTest(SuiteRunner.java:402)\r\n\tat org.testng.SuiteRunner.runSequentially(SuiteRunner.java:396)\r\n\tat org.testng.SuiteRunner.privateRun(SuiteRunner.java:355)\r\n\tat org.testng.SuiteRunner.run(SuiteRunner.java:304)\r\n\tat org.testng.SuiteRunnerWorker.runSuite(SuiteRunnerWorker.java:53)\r\n\tat org.testng.SuiteRunnerWorker.run(SuiteRunnerWorker.java:96)\r\n\tat org.testng.TestNG.runSuitesSequentially(TestNG.java:1180)\r\n\tat org.testng.TestNG.runSuitesLocally(TestNG.java:1102)\r\n\tat org.testng.TestNG.runSuites(TestNG.java:1032)\r\n\tat org.testng.TestNG.run(TestNG.java:1000)\r\n\tat org.apache.maven.surefire.testng.TestNGExecutor.run(TestNGExecutor.java:283)\r\n\tat org.apache.maven.surefire.testng.TestNGXmlTestSuite.execute(TestNGXmlTestSuite.java:75)\r\n\tat org.apache.maven.surefire.testng.TestNGProvider.invoke(TestNGProvider.java:120)\r\n\tat org.apache.maven.surefire.booter.ForkedBooter.invokeProviderInSameClassLoader(ForkedBooter.java:384)\r\n\tat org.apache.maven.surefire.booter.ForkedBooter.runSuitesInProcess(ForkedBooter.java:345)\r\n\tat org.apache.maven.surefire.booter.ForkedBooter.execute(ForkedBooter.java:126)\r\n\tat org.apache.maven.surefire.booter.ForkedBooter.main(ForkedBooter.java:418)\r\n",
  "flaky" : false,
  "newFailed" : false,
  "beforeStages" : [ {
    "name" : "startSession",
    "time" : {
      "start" : 1631362153276,
      "stop" : 1631362160393,
      "duration" : 7117
    },
    "description" : "",
    "status" : "passed",
    "steps" : [ ],
    "attachments" : [ ],
    "parameters" : [ ],
    "hasContent" : false,
    "stepsCount" : 0,
    "attachmentsCount" : 0,
    "shouldDisplayMessage" : false
  }, {
    "name" : "beforeMethod",
    "time" : {
      "start" : 1631362181707,
      "stop" : 1631362181715,
      "duration" : 8
    },
    "description" : "",
    "status" : "passed",
    "steps" : [ ],
    "attachments" : [ ],
    "parameters" : [ ],
    "hasContent" : false,
    "stepsCount" : 0,
    "attachmentsCount" : 0,
    "shouldDisplayMessage" : false
  } ],
  "testStage" : {
    "description" : "This test verifies user search functionality",
    "status" : "failed",
    "statusMessage" : "did not expect to find [false] but found [true]",
    "statusTrace" : "java.lang.AssertionError: did not expect to find [false] but found [true]\r\n\tat org.testng.Assert.fail(Assert.java:97)\r\n\tat org.testng.Assert.failNotEquals(Assert.java:969)\r\n\tat org.testng.Assert.assertFalse(Assert.java:65)\r\n\tat org.testng.Assert.assertFalse(Assert.java:75)\r\n\tat extensions.Verifications.elemAbsence(Verifications.java:48)\r\n\tat workflows.WebFlows.searchAndCheckUser(WebFlows.java:50)\r\n\tat sanity.GrafanaWeb.test07_verifySearchUsern(GrafanaWeb.java:58)\r\n\tat sun.reflect.NativeMethodAccessorImpl.invoke0(Native Method)\r\n\tat sun.reflect.NativeMethodAccessorImpl.invoke(NativeMethodAccessorImpl.java:62)\r\n\tat sun.reflect.DelegatingMethodAccessorImpl.invoke(DelegatingMethodAccessorImpl.java:43)\r\n\tat java.lang.reflect.Method.invoke(Method.java:498)\r\n\tat org.testng.internal.MethodInvocationHelper.invokeMethod(MethodInvocationHelper.java:133)\r\n\tat org.testng.internal.TestInvoker.invokeMethod(TestInvoker.java:584)\r\n\tat org.testng.internal.TestInvoker.invokeTestMethod(TestInvoker.java:172)\r\n\tat org.testng.internal.MethodRunner.runInSequence(MethodRunner.java:46)\r\n\tat org.testng.internal.TestInvoker$MethodInvocationAgent.invoke(TestInvoker.java:804)\r\n\tat org.testng.internal.TestInvoker.invokeTestMethods(TestInvoker.java:145)\r\n\tat org.testng.internal.TestMethodWorker.invokeTestMethods(TestMethodWorker.java:146)\r\n\tat org.testng.internal.TestMethodWorker.run(TestMethodWorker.java:128)\r\n\tat java.util.ArrayList.forEach(ArrayList.java:1257)\r\n\tat org.testng.TestRunner.privateRun(TestRunner.java:770)\r\n\tat org.testng.TestRunner.run(TestRunner.java:591)\r\n\tat org.testng.SuiteRunner.runTest(SuiteRunner.java:402)\r\n\tat org.testng.SuiteRunner.runSequentially(SuiteRunner.java:396)\r\n\tat org.testng.SuiteRunner.privateRun(SuiteRunner.java:355)\r\n\tat org.testng.SuiteRunner.run(SuiteRunner.java:304)\r\n\tat org.testng.SuiteRunnerWorker.runSuite(SuiteRunnerWorker.java:53)\r\n\tat org.testng.SuiteRunnerWorker.run(SuiteRunnerWorker.java:96)\r\n\tat org.testng.TestNG.runSuitesSequentially(TestNG.java:1180)\r\n\tat org.testng.TestNG.runSuitesLocally(TestNG.java:1102)\r\n\tat org.testng.TestNG.runSuites(TestNG.java:1032)\r\n\tat org.testng.TestNG.run(TestNG.java:1000)\r\n\tat org.apache.maven.surefire.testng.TestNGExecutor.run(TestNGExecutor.java:283)\r\n\tat org.apache.maven.surefire.testng.TestNGXmlTestSuite.execute(TestNGXmlTestSuite.java:75)\r\n\tat org.apache.maven.surefire.testng.TestNGProvider.invoke(TestNGProvider.java:120)\r\n\tat org.apache.maven.surefire.booter.ForkedBooter.invokeProviderInSameClassLoader(ForkedBooter.java:384)\r\n\tat org.apache.maven.surefire.booter.ForkedBooter.runSuitesInProcess(ForkedBooter.java:345)\r\n\tat org.apache.maven.surefire.booter.ForkedBooter.execute(ForkedBooter.java:126)\r\n\tat org.apache.maven.surefire.booter.ForkedBooter.main(ForkedBooter.java:418)\r\n",
    "steps" : [ {
      "name" : "Mouse Hover Element",
      "time" : {
        "start" : 1631362181770,
        "stop" : 1631362182096,
        "duration" : 326
      },
      "status" : "passed",
      "steps" : [ ],
      "attachments" : [ ],
      "parameters" : [ {
        "name" : "elem1",
        "value" : "[[ChromeDriver: chrome on WINDOWS (82d1ca17fbe836a6f62610ffd4762b4d)] -> xpath: //div[@class='sidemenu-item dropdown'][7]]"
      }, {
        "name" : "elem2",
        "value" : "[[ChromeDriver: chrome on WINDOWS (82d1ca17fbe836a6f62610ffd4762b4d)] -> xpath: //a[@href='/admin/users']]"
      } ],
      "hasContent" : true,
      "stepsCount" : 0,
      "attachmentsCount" : 0,
      "shouldDisplayMessage" : false
    }, {
      "name" : "Work Flow: Search User",
      "time" : {
        "start" : 1631362182096,
        "stop" : 1631362185217,
        "duration" : 3121
      },
      "status" : "failed",
      "statusMessage" : "did not expect to find [false] but found [true]",
      "statusTrace" : "java.lang.AssertionError: did not expect to find [false] but found [true]\r\n\tat org.testng.Assert.fail(Assert.java:97)\r\n\tat org.testng.Assert.failNotEquals(Assert.java:969)\r\n\tat org.testng.Assert.assertFalse(Assert.java:65)\r\n\tat org.testng.Assert.assertFalse(Assert.java:75)\r\n\tat extensions.Verifications.elemAbsence(Verifications.java:48)\r\n\tat workflows.WebFlows.searchAndCheckUser(WebFlows.java:50)\r\n\tat sanity.GrafanaWeb.test07_verifySearchUsern(GrafanaWeb.java:58)\r\n\tat sun.reflect.NativeMethodAccessorImpl.invoke0(Native Method)\r\n\tat sun.reflect.NativeMethodAccessorImpl.invoke(NativeMethodAccessorImpl.java:62)\r\n\tat sun.reflect.DelegatingMethodAccessorImpl.invoke(DelegatingMethodAccessorImpl.java:43)\r\n\tat java.lang.reflect.Method.invoke(Method.java:498)\r\n\tat org.testng.internal.MethodInvocationHelper.invokeMethod(MethodInvocationHelper.java:133)\r\n\tat org.testng.internal.TestInvoker.invokeMethod(TestInvoker.java:584)\r\n\tat org.testng.internal.TestInvoker.invokeTestMethod(TestInvoker.java:172)\r\n\tat org.testng.internal.MethodRunner.runInSequence(MethodRunner.java:46)\r\n\tat org.testng.internal.TestInvoker$MethodInvocationAgent.invoke(TestInvoker.java:804)\r\n\tat org.testng.internal.TestInvoker.invokeTestMethods(TestInvoker.java:145)\r\n\tat org.testng.internal.TestMethodWorker.invokeTestMethods(TestMethodWorker.java:146)\r\n\tat org.testng.internal.TestMethodWorker.run(TestMethodWorker.java:128)\r\n\tat java.util.ArrayList.forEach(ArrayList.java:1257)\r\n\tat org.testng.TestRunner.privateRun(TestRunner.java:770)\r\n\tat org.testng.TestRunner.run(TestRunner.java:591)\r\n\tat org.testng.SuiteRunner.runTest(SuiteRunner.java:402)\r\n\tat org.testng.SuiteRunner.runSequentially(SuiteRunner.java:396)\r\n\tat org.testng.SuiteRunner.privateRun(SuiteRunner.java:355)\r\n\tat org.testng.SuiteRunner.run(SuiteRunner.java:304)\r\n\tat org.testng.SuiteRunnerWorker.runSuite(SuiteRunnerWorker.java:53)\r\n\tat org.testng.SuiteRunnerWorker.run(SuiteRunnerWorker.java:96)\r\n\tat org.testng.TestNG.runSuitesSequentially(TestNG.java:1180)\r\n\tat org.testng.TestNG.runSuitesLocally(TestNG.java:1102)\r\n\tat org.testng.TestNG.runSuites(TestNG.java:1032)\r\n\tat org.testng.TestNG.run(TestNG.java:1000)\r\n\tat org.apache.maven.surefire.testng.TestNGExecutor.run(TestNGExecutor.java:283)\r\n\tat org.apache.maven.surefire.testng.TestNGXmlTestSuite.execute(TestNGXmlTestSuite.java:75)\r\n\tat org.apache.maven.surefire.testng.TestNGProvider.invoke(TestNGProvider.java:120)\r\n\tat org.apache.maven.surefire.booter.ForkedBooter.invokeProviderInSameClassLoader(ForkedBooter.java:384)\r\n\tat org.apache.maven.surefire.booter.ForkedBooter.runSuitesInProcess(ForkedBooter.java:345)\r\n\tat org.apache.maven.surefire.booter.ForkedBooter.execute(ForkedBooter.java:126)\r\n\tat org.apache.maven.surefire.booter.ForkedBooter.main(ForkedBooter.java:418)\r\n",
      "steps" : [ {
        "name" : "Update Text Element as a user",
        "time" : {
          "start" : 1631362182158,
          "stop" : 1631362185190,
          "duration" : 3032
        },
        "status" : "passed",
        "steps" : [ ],
        "attachments" : [ ],
        "parameters" : [ {
          "name" : "elem",
          "value" : "[[ChromeDriver: chrome on WINDOWS (82d1ca17fbe836a6f62610ffd4762b4d)] -> css selector: input[placeholder='Search user by login, email or name']]"
        }, {
          "name" : "text",
          "value" : "admin"
        } ],
        "hasContent" : true,
        "stepsCount" : 0,
        "attachmentsCount" : 0,
        "shouldDisplayMessage" : false
      }, {
        "name" : "Verify Element is absent",
        "time" : {
          "start" : 1631362185203,
          "stop" : 1631362185217,
          "duration" : 14
        },
        "status" : "failed",
        "statusMessage" : "did not expect to find [false] but found [true]",
        "statusTrace" : "java.lang.AssertionError: did not expect to find [false] but found [true]\r\n\tat org.testng.Assert.fail(Assert.java:97)\r\n\tat org.testng.Assert.failNotEquals(Assert.java:969)\r\n\tat org.testng.Assert.assertFalse(Assert.java:65)\r\n\tat org.testng.Assert.assertFalse(Assert.java:75)\r\n\tat extensions.Verifications.elemAbsence(Verifications.java:48)\r\n\tat workflows.WebFlows.searchAndCheckUser(WebFlows.java:50)\r\n\tat sanity.GrafanaWeb.test07_verifySearchUsern(GrafanaWeb.java:58)\r\n\tat sun.reflect.NativeMethodAccessorImpl.invoke0(Native Method)\r\n\tat sun.reflect.NativeMethodAccessorImpl.invoke(NativeMethodAccessorImpl.java:62)\r\n\tat sun.reflect.DelegatingMethodAccessorImpl.invoke(DelegatingMethodAccessorImpl.java:43)\r\n\tat java.lang.reflect.Method.invoke(Method.java:498)\r\n\tat org.testng.internal.MethodInvocationHelper.invokeMethod(MethodInvocationHelper.java:133)\r\n\tat org.testng.internal.TestInvoker.invokeMethod(TestInvoker.java:584)\r\n\tat org.testng.internal.TestInvoker.invokeTestMethod(TestInvoker.java:172)\r\n\tat org.testng.internal.MethodRunner.runInSequence(MethodRunner.java:46)\r\n\tat org.testng.internal.TestInvoker$MethodInvocationAgent.invoke(TestInvoker.java:804)\r\n\tat org.testng.internal.TestInvoker.invokeTestMethods(TestInvoker.java:145)\r\n\tat org.testng.internal.TestMethodWorker.invokeTestMethods(TestMethodWorker.java:146)\r\n\tat org.testng.internal.TestMethodWorker.run(TestMethodWorker.java:128)\r\n\tat java.util.ArrayList.forEach(ArrayList.java:1257)\r\n\tat org.testng.TestRunner.privateRun(TestRunner.java:770)\r\n\tat org.testng.TestRunner.run(TestRunner.java:591)\r\n\tat org.testng.SuiteRunner.runTest(SuiteRunner.java:402)\r\n\tat org.testng.SuiteRunner.runSequentially(SuiteRunner.java:396)\r\n\tat org.testng.SuiteRunner.privateRun(SuiteRunner.java:355)\r\n\tat org.testng.SuiteRunner.run(SuiteRunner.java:304)\r\n\tat org.testng.SuiteRunnerWorker.runSuite(SuiteRunnerWorker.java:53)\r\n\tat org.testng.SuiteRunnerWorker.run(SuiteRunnerWorker.java:96)\r\n\tat org.testng.TestNG.runSuitesSequentially(TestNG.java:1180)\r\n\tat org.testng.TestNG.runSuitesLocally(TestNG.java:1102)\r\n\tat org.testng.TestNG.runSuites(TestNG.java:1032)\r\n\tat org.testng.TestNG.run(TestNG.java:1000)\r\n\tat org.apache.maven.surefire.testng.TestNGExecutor.run(TestNGExecutor.java:283)\r\n\tat org.apache.maven.surefire.testng.TestNGXmlTestSuite.execute(TestNGXmlTestSuite.java:75)\r\n\tat org.apache.maven.surefire.testng.TestNGProvider.invoke(TestNGProvider.java:120)\r\n\tat org.apache.maven.surefire.booter.ForkedBooter.invokeProviderInSameClassLoader(ForkedBooter.java:384)\r\n\tat org.apache.maven.surefire.booter.ForkedBooter.runSuitesInProcess(ForkedBooter.java:345)\r\n\tat org.apache.maven.surefire.booter.ForkedBooter.execute(ForkedBooter.java:126)\r\n\tat org.apache.maven.surefire.booter.ForkedBooter.main(ForkedBooter.java:418)\r\n",
        "steps" : [ ],
        "attachments" : [ ],
        "parameters" : [ {
          "name" : "elems",
          "value" : "[[[ChromeDriver: chrome on WINDOWS (82d1ca17fbe836a6f62610ffd4762b4d)] -> xpath: //table[@class='filter-table form-inline filter-table--hover']/tbody/tr]]"
        } ],
        "hasContent" : true,
        "stepsCount" : 0,
        "attachmentsCount" : 0,
        "shouldDisplayMessage" : true
      } ],
      "attachments" : [ ],
      "parameters" : [ {
        "name" : "user",
        "value" : "admin"
      }, {
        "name" : "exists",
        "value" : "don't exist"
      } ],
      "hasContent" : true,
      "stepsCount" : 2,
      "attachmentsCount" : 0,
      "shouldDisplayMessage" : false
    } ],
    "attachments" : [ {
      "uid" : "1dfb324cf34f277a",
      "name" : "Page Screen-shot",
      "source" : "1dfb324cf34f277a.png",
      "type" : "image/png",
      "size" : 61662
    } ],
    "parameters" : [ ],
    "hasContent" : true,
    "stepsCount" : 4,
    "attachmentsCount" : 1,
    "shouldDisplayMessage" : false
  },
  "afterStages" : [ {
    "name" : "closeStation",
    "time" : {
      "start" : 1631362200685,
      "stop" : 1631362201339,
      "duration" : 654
    },
    "description" : "",
    "status" : "passed",
    "steps" : [ ],
    "attachments" : [ ],
    "parameters" : [ ],
    "hasContent" : false,
    "stepsCount" : 0,
    "attachmentsCount" : 0,
    "shouldDisplayMessage" : false
  }, {
    "name" : "afterMethod",
    "time" : {
      "start" : 1631362185564,
      "stop" : 1631362185794,
      "duration" : 230
    },
    "description" : "",
    "status" : "passed",
    "steps" : [ ],
    "attachments" : [ ],
    "parameters" : [ ],
    "hasContent" : false,
    "stepsCount" : 0,
    "attachmentsCount" : 0,
    "shouldDisplayMessage" : false
  } ],
  "labels" : [ {
    "name" : "package",
    "value" : "sanity.GrafanaWeb"
  }, {
    "name" : "testClass",
    "value" : "sanity.GrafanaWeb"
  }, {
    "name" : "testMethod",
    "value" : "test07_verifySearchUsern"
  }, {
    "name" : "parentSuite",
    "value" : "Web Suite"
  }, {
    "name" : "suite",
    "value" : "Web tests"
  }, {
    "name" : "subSuite",
    "value" : "sanity.GrafanaWeb"
  }, {
    "name" : "host",
    "value" : "LAPTOP-S56D0AUO"
  }, {
    "name" : "thread",
    "value" : "5832@LAPTOP-S56D0AUO.main(1)"
  }, {
    "name" : "framework",
    "value" : "testng"
  }, {
    "name" : "language",
    "value" : "java"
  }, {
    "name" : "resultFormat",
    "value" : "allure2"
  } ],
  "parameters" : [ {
    "name" : "PlatformName",
    "value" : "web"
  }, {
    "name" : "arg0",
    "value" : "admin"
  }, {
    "name" : "arg1",
    "value" : "don't exist"
  } ],
  "links" : [ ],
  "hidden" : false,
  "retry" : false,
  "extra" : {
    "severity" : "normal",
    "retries" : [ {
      "uid" : "cfff66df36515ff1",
      "status" : "failed",
      "statusDetails" : "did not expect to find [false] but found [true]",
      "time" : {
        "start" : 1631361941256,
        "stop" : 1631361944959,
        "duration" : 3703
      }
    }, {
      "uid" : "efd46c7d4389391c",
      "status" : "failed",
      "statusDetails" : "did not expect to find [false] but found [true]",
      "time" : {
        "start" : 1631350335994,
        "stop" : 1631350339470,
        "duration" : 3476
      }
    } ],
    "categories" : [ {
      "name" : "Product defects",
      "matchedStatuses" : [ ],
      "flaky" : false
    } ],
    "history" : {
      "statistic" : {
        "failed" : 7,
        "broken" : 0,
        "skipped" : 0,
        "passed" : 0,
        "unknown" : 0,
        "total" : 7
      },
      "items" : [ {
        "uid" : "c985ff2d84ffd8e",
        "reportUrl" : "http://localhost:9090/job/Sanity%20Tests%20Electron%20Automation/5/allure/#testresult/c985ff2d84ffd8e",
        "status" : "failed",
        "statusDetails" : "did not expect to find [false] but found [true]",
        "time" : {
          "start" : 1631362181719,
          "stop" : 1631362185562,
          "duration" : 3843
        }
      }, {
        "uid" : "a67c82b7d875acc5",
        "reportUrl" : "http://localhost:9090/job/Sanity%20Tests%20Electron%20Automation/4/allure/#testresult/a67c82b7d875acc5",
        "status" : "failed",
        "statusDetails" : "did not expect to find [false] but found [true]",
        "time" : {
          "start" : 1631362181719,
          "stop" : 1631362185562,
          "duration" : 3843
        }
      }, {
        "uid" : "7c4337de29649e1e",
        "reportUrl" : "http://localhost:9090/job/Sanity%20Tests%20Electron%20Automation/3/allure/#testresult/7c4337de29649e1e",
        "status" : "failed",
        "statusDetails" : "did not expect to find [false] but found [true]",
        "time" : {
          "start" : 1631362181719,
          "stop" : 1631362185562,
          "duration" : 3843
        }
      }, {
        "uid" : "2f89f31c9fac011d",
        "reportUrl" : "http://localhost:9090/job/Sanity%20Tests%20Electron%20Automation/2/allure/#testresult/2f89f31c9fac011d",
        "status" : "failed",
        "statusDetails" : "did not expect to find [false] but found [true]",
        "time" : {
          "start" : 1631362181719,
          "stop" : 1631362185562,
          "duration" : 3843
        }
      }, {
        "uid" : "95a2c8181a682db9",
        "reportUrl" : "http://localhost:9090/job/Sanity%20Tests%20Electron%20Automation/1/allure/#testresult/95a2c8181a682db9",
        "status" : "failed",
        "statusDetails" : "did not expect to find [false] but found [true]",
        "time" : {
          "start" : 1631350335994,
          "stop" : 1631350339470,
          "duration" : 3476
        }
      }, {
        "uid" : "a758ac21219e0eaf",
        "reportUrl" : "http://localhost:9090/job/Sanity%20Tests%20Desktop%20Automation/1/allure/#testresult/a758ac21219e0eaf",
        "status" : "failed",
        "statusDetails" : "did not expect to find [false] but found [true]",
        "time" : {
          "start" : 1631350335994,
          "stop" : 1631350339470,
          "duration" : 3476
        }
      } ]
    },
    "tags" : [ ]
  },
  "source" : "aad8fc65209c8672.json",
  "parameterValues" : [ "web", "admin", "don't exist" ]
}