{
  "uid" : "f8c37b20a8f771f5",
  "name" : "Test06 - Verify user's pic icon",
  "fullName" : "sanity.GrafanaWeb.test06_verifyUserPicIcon",
  "historyId" : "46a4c3c02781b3d1495d5832f4351203",
  "time" : {
    "start" : 1631362175067,
    "stop" : 1631362176678,
    "duration" : 1611
  },
  "description" : "This test verifies user's pic icons (via Sikulli UI Tool)",
  "descriptionHtml" : "<p>This test verifies user's pic icons (via Sikulli UI Tool)</p>\n",
  "status" : "failed",
  "statusMessage" : "Error comparing image fileFindFailed: C:\\\\Automation\\\\Automation_Project\\\\ImageRepository\\GrafanaUserPic.png: (48x56) in R[0,0 1920x1080]@S(0)\n  Line 2287, in file Region.java\n",
  "statusTrace" : "java.lang.AssertionError: Error comparing image fileFindFailed: C:\\\\Automation\\\\Automation_Project\\\\ImageRepository\\GrafanaUserPic.png: (48x56) in R[0,0 1920x1080]@S(0)\n  Line 2287, in file Region.java\n\r\n\tat org.testng.Assert.fail(Assert.java:97)\r\n\tat extensions.Verifications.visualElement(Verifications.java:39)\r\n\tat sanity.GrafanaWeb.test06_verifyUserPicIcon(GrafanaWeb.java:51)\r\n\tat sun.reflect.NativeMethodAccessorImpl.invoke0(Native Method)\r\n\tat sun.reflect.NativeMethodAccessorImpl.invoke(NativeMethodAccessorImpl.java:62)\r\n\tat sun.reflect.DelegatingMethodAccessorImpl.invoke(DelegatingMethodAccessorImpl.java:43)\r\n\tat java.lang.reflect.Method.invoke(Method.java:498)\r\n\tat org.testng.internal.MethodInvocationHelper.invokeMethod(MethodInvocationHelper.java:133)\r\n\tat org.testng.internal.TestInvoker.invokeMethod(TestInvoker.java:584)\r\n\tat org.testng.internal.TestInvoker.invokeTestMethod(TestInvoker.java:172)\r\n\tat org.testng.internal.MethodRunner.runInSequence(MethodRunner.java:46)\r\n\tat org.testng.internal.TestInvoker$MethodInvocationAgent.invoke(TestInvoker.java:804)\r\n\tat org.testng.internal.TestInvoker.invokeTestMethods(TestInvoker.java:145)\r\n\tat org.testng.internal.TestMethodWorker.invokeTestMethods(TestMethodWorker.java:146)\r\n\tat org.testng.internal.TestMethodWorker.run(TestMethodWorker.java:128)\r\n\tat java.util.ArrayList.forEach(ArrayList.java:1257)\r\n\tat org.testng.TestRunner.privateRun(TestRunner.java:770)\r\n\tat org.testng.TestRunner.run(TestRunner.java:591)\r\n\tat org.testng.SuiteRunner.runTest(SuiteRunner.java:402)\r\n\tat org.testng.SuiteRunner.runSequentially(SuiteRunner.java:396)\r\n\tat org.testng.SuiteRunner.privateRun(SuiteRunner.java:355)\r\n\tat org.testng.SuiteRunner.run(SuiteRunner.java:304)\r\n\tat org.testng.SuiteRunnerWorker.runSuite(SuiteRunnerWorker.java:53)\r\n\tat org.testng.SuiteRunnerWorker.run(SuiteRunnerWorker.java:96)\r\n\tat org.testng.TestNG.runSuitesSequentially(TestNG.java:1180)\r\n\tat org.testng.TestNG.runSuitesLocally(TestNG.java:1102)\r\n\tat org.testng.TestNG.runSuites(TestNG.java:1032)\r\n\tat org.testng.TestNG.run(TestNG.java:1000)\r\n\tat org.apache.maven.surefire.testng.TestNGExecutor.run(TestNGExecutor.java:283)\r\n\tat org.apache.maven.surefire.testng.TestNGXmlTestSuite.execute(TestNGXmlTestSuite.java:75)\r\n\tat org.apache.maven.surefire.testng.TestNGProvider.invoke(TestNGProvider.java:120)\r\n\tat org.apache.maven.surefire.booter.ForkedBooter.invokeProviderInSameClassLoader(ForkedBooter.java:384)\r\n\tat org.apache.maven.surefire.booter.ForkedBooter.runSuitesInProcess(ForkedBooter.java:345)\r\n\tat org.apache.maven.surefire.booter.ForkedBooter.execute(ForkedBooter.java:126)\r\n\tat org.apache.maven.surefire.booter.ForkedBooter.main(ForkedBooter.java:418)\r\n",
  "flaky" : false,
  "newFailed" : false,
  "beforeStages" : [ {
    "name" : "beforeMethod",
    "time" : {
      "start" : 1631362175050,
      "stop" : 1631362175062,
      "duration" : 12
    },
    "description" : "",
    "status" : "passed",
    "steps" : [ ],
    "attachments" : [ ],
    "parameters" : [ ],
    "hasContent" : false,
    "stepsCount" : 0,
    "attachmentsCount" : 0,
    "shouldDisplayMessage" : false
  }, {
    "name" : "startSession",
    "time" : {
      "start" : 1631362153276,
      "stop" : 1631362160393,
      "duration" : 7117
    },
    "description" : "",
    "status" : "passed",
    "steps" : [ ],
    "attachments" : [ ],
    "parameters" : [ ],
    "hasContent" : false,
    "stepsCount" : 0,
    "attachmentsCount" : 0,
    "shouldDisplayMessage" : false
  } ],
  "testStage" : {
    "description" : "This test verifies user's pic icons (via Sikulli UI Tool)",
    "status" : "failed",
    "statusMessage" : "Error comparing image fileFindFailed: C:\\\\Automation\\\\Automation_Project\\\\ImageRepository\\GrafanaUserPic.png: (48x56) in R[0,0 1920x1080]@S(0)\n  Line 2287, in file Region.java\n",
    "statusTrace" : "java.lang.AssertionError: Error comparing image fileFindFailed: C:\\\\Automation\\\\Automation_Project\\\\ImageRepository\\GrafanaUserPic.png: (48x56) in R[0,0 1920x1080]@S(0)\n  Line 2287, in file Region.java\n\r\n\tat org.testng.Assert.fail(Assert.java:97)\r\n\tat extensions.Verifications.visualElement(Verifications.java:39)\r\n\tat sanity.GrafanaWeb.test06_verifyUserPicIcon(GrafanaWeb.java:51)\r\n\tat sun.reflect.NativeMethodAccessorImpl.invoke0(Native Method)\r\n\tat sun.reflect.NativeMethodAccessorImpl.invoke(NativeMethodAccessorImpl.java:62)\r\n\tat sun.reflect.DelegatingMethodAccessorImpl.invoke(DelegatingMethodAccessorImpl.java:43)\r\n\tat java.lang.reflect.Method.invoke(Method.java:498)\r\n\tat org.testng.internal.MethodInvocationHelper.invokeMethod(MethodInvocationHelper.java:133)\r\n\tat org.testng.internal.TestInvoker.invokeMethod(TestInvoker.java:584)\r\n\tat org.testng.internal.TestInvoker.invokeTestMethod(TestInvoker.java:172)\r\n\tat org.testng.internal.MethodRunner.runInSequence(MethodRunner.java:46)\r\n\tat org.testng.internal.TestInvoker$MethodInvocationAgent.invoke(TestInvoker.java:804)\r\n\tat org.testng.internal.TestInvoker.invokeTestMethods(TestInvoker.java:145)\r\n\tat org.testng.internal.TestMethodWorker.invokeTestMethods(TestMethodWorker.java:146)\r\n\tat org.testng.internal.TestMethodWorker.run(TestMethodWorker.java:128)\r\n\tat java.util.ArrayList.forEach(ArrayList.java:1257)\r\n\tat org.testng.TestRunner.privateRun(TestRunner.java:770)\r\n\tat org.testng.TestRunner.run(TestRunner.java:591)\r\n\tat org.testng.SuiteRunner.runTest(SuiteRunner.java:402)\r\n\tat org.testng.SuiteRunner.runSequentially(SuiteRunner.java:396)\r\n\tat org.testng.SuiteRunner.privateRun(SuiteRunner.java:355)\r\n\tat org.testng.SuiteRunner.run(SuiteRunner.java:304)\r\n\tat org.testng.SuiteRunnerWorker.runSuite(SuiteRunnerWorker.java:53)\r\n\tat org.testng.SuiteRunnerWorker.run(SuiteRunnerWorker.java:96)\r\n\tat org.testng.TestNG.runSuitesSequentially(TestNG.java:1180)\r\n\tat org.testng.TestNG.runSuitesLocally(TestNG.java:1102)\r\n\tat org.testng.TestNG.runSuites(TestNG.java:1032)\r\n\tat org.testng.TestNG.run(TestNG.java:1000)\r\n\tat org.apache.maven.surefire.testng.TestNGExecutor.run(TestNGExecutor.java:283)\r\n\tat org.apache.maven.surefire.testng.TestNGXmlTestSuite.execute(TestNGXmlTestSuite.java:75)\r\n\tat org.apache.maven.surefire.testng.TestNGProvider.invoke(TestNGProvider.java:120)\r\n\tat org.apache.maven.surefire.booter.ForkedBooter.invokeProviderInSameClassLoader(ForkedBooter.java:384)\r\n\tat org.apache.maven.surefire.booter.ForkedBooter.runSuitesInProcess(ForkedBooter.java:345)\r\n\tat org.apache.maven.surefire.booter.ForkedBooter.execute(ForkedBooter.java:126)\r\n\tat org.apache.maven.surefire.booter.ForkedBooter.main(ForkedBooter.java:418)\r\n",
    "steps" : [ {
      "name" : "Verify visual element",
      "time" : {
        "start" : 1631362175067,
        "stop" : 1631362176263,
        "duration" : 1196
      },
      "status" : "failed",
      "statusMessage" : "Error comparing image fileFindFailed: C:\\\\Automation\\\\Automation_Project\\\\ImageRepository\\GrafanaUserPic.png: (48x56) in R[0,0 1920x1080]@S(0)\n  Line 2287, in file Region.java\n",
      "statusTrace" : "java.lang.AssertionError: Error comparing image fileFindFailed: C:\\\\Automation\\\\Automation_Project\\\\ImageRepository\\GrafanaUserPic.png: (48x56) in R[0,0 1920x1080]@S(0)\n  Line 2287, in file Region.java\n\r\n\tat org.testng.Assert.fail(Assert.java:97)\r\n\tat extensions.Verifications.visualElement(Verifications.java:39)\r\n\tat sanity.GrafanaWeb.test06_verifyUserPicIcon(GrafanaWeb.java:51)\r\n\tat sun.reflect.NativeMethodAccessorImpl.invoke0(Native Method)\r\n\tat sun.reflect.NativeMethodAccessorImpl.invoke(NativeMethodAccessorImpl.java:62)\r\n\tat sun.reflect.DelegatingMethodAccessorImpl.invoke(DelegatingMethodAccessorImpl.java:43)\r\n\tat java.lang.reflect.Method.invoke(Method.java:498)\r\n\tat org.testng.internal.MethodInvocationHelper.invokeMethod(MethodInvocationHelper.java:133)\r\n\tat org.testng.internal.TestInvoker.invokeMethod(TestInvoker.java:584)\r\n\tat org.testng.internal.TestInvoker.invokeTestMethod(TestInvoker.java:172)\r\n\tat org.testng.internal.MethodRunner.runInSequence(MethodRunner.java:46)\r\n\tat org.testng.internal.TestInvoker$MethodInvocationAgent.invoke(TestInvoker.java:804)\r\n\tat org.testng.internal.TestInvoker.invokeTestMethods(TestInvoker.java:145)\r\n\tat org.testng.internal.TestMethodWorker.invokeTestMethods(TestMethodWorker.java:146)\r\n\tat org.testng.internal.TestMethodWorker.run(TestMethodWorker.java:128)\r\n\tat java.util.ArrayList.forEach(ArrayList.java:1257)\r\n\tat org.testng.TestRunner.privateRun(TestRunner.java:770)\r\n\tat org.testng.TestRunner.run(TestRunner.java:591)\r\n\tat org.testng.SuiteRunner.runTest(SuiteRunner.java:402)\r\n\tat org.testng.SuiteRunner.runSequentially(SuiteRunner.java:396)\r\n\tat org.testng.SuiteRunner.privateRun(SuiteRunner.java:355)\r\n\tat org.testng.SuiteRunner.run(SuiteRunner.java:304)\r\n\tat org.testng.SuiteRunnerWorker.runSuite(SuiteRunnerWorker.java:53)\r\n\tat org.testng.SuiteRunnerWorker.run(SuiteRunnerWorker.java:96)\r\n\tat org.testng.TestNG.runSuitesSequentially(TestNG.java:1180)\r\n\tat org.testng.TestNG.runSuitesLocally(TestNG.java:1102)\r\n\tat org.testng.TestNG.runSuites(TestNG.java:1032)\r\n\tat org.testng.TestNG.run(TestNG.java:1000)\r\n\tat org.apache.maven.surefire.testng.TestNGExecutor.run(TestNGExecutor.java:283)\r\n\tat org.apache.maven.surefire.testng.TestNGXmlTestSuite.execute(TestNGXmlTestSuite.java:75)\r\n\tat org.apache.maven.surefire.testng.TestNGProvider.invoke(TestNGProvider.java:120)\r\n\tat org.apache.maven.surefire.booter.ForkedBooter.invokeProviderInSameClassLoader(ForkedBooter.java:384)\r\n\tat org.apache.maven.surefire.booter.ForkedBooter.runSuitesInProcess(ForkedBooter.java:345)\r\n\tat org.apache.maven.surefire.booter.ForkedBooter.execute(ForkedBooter.java:126)\r\n\tat org.apache.maven.surefire.booter.ForkedBooter.main(ForkedBooter.java:418)\r\n",
      "steps" : [ ],
      "attachments" : [ ],
      "parameters" : [ {
        "name" : "expectedImage",
        "value" : "GrafanaUserPic"
      } ],
      "hasContent" : true,
      "stepsCount" : 0,
      "attachmentsCount" : 0,
      "shouldDisplayMessage" : true
    } ],
    "attachments" : [ {
      "uid" : "a55e19203c60aa15",
      "name" : "Page Screen-shot",
      "source" : "a55e19203c60aa15.png",
      "type" : "image/png",
      "size" : 302750
    } ],
    "parameters" : [ ],
    "hasContent" : true,
    "stepsCount" : 1,
    "attachmentsCount" : 1,
    "shouldDisplayMessage" : false
  },
  "afterStages" : [ {
    "name" : "afterMethod",
    "time" : {
      "start" : 1631362176692,
      "stop" : 1631362177159,
      "duration" : 467
    },
    "description" : "",
    "status" : "passed",
    "steps" : [ ],
    "attachments" : [ ],
    "parameters" : [ ],
    "hasContent" : false,
    "stepsCount" : 0,
    "attachmentsCount" : 0,
    "shouldDisplayMessage" : false
  }, {
    "name" : "closeStation",
    "time" : {
      "start" : 1631362200685,
      "stop" : 1631362201339,
      "duration" : 654
    },
    "description" : "",
    "status" : "passed",
    "steps" : [ ],
    "attachments" : [ ],
    "parameters" : [ ],
    "hasContent" : false,
    "stepsCount" : 0,
    "attachmentsCount" : 0,
    "shouldDisplayMessage" : false
  } ],
  "labels" : [ {
    "name" : "package",
    "value" : "sanity.GrafanaWeb"
  }, {
    "name" : "testClass",
    "value" : "sanity.GrafanaWeb"
  }, {
    "name" : "testMethod",
    "value" : "test06_verifyUserPicIcon"
  }, {
    "name" : "parentSuite",
    "value" : "Web Suite"
  }, {
    "name" : "suite",
    "value" : "Web tests"
  }, {
    "name" : "subSuite",
    "value" : "sanity.GrafanaWeb"
  }, {
    "name" : "host",
    "value" : "LAPTOP-S56D0AUO"
  }, {
    "name" : "thread",
    "value" : "5832@LAPTOP-S56D0AUO.main(1)"
  }, {
    "name" : "framework",
    "value" : "testng"
  }, {
    "name" : "language",
    "value" : "java"
  }, {
    "name" : "resultFormat",
    "value" : "allure2"
  } ],
  "parameters" : [ {
    "name" : "PlatformName",
    "value" : "web"
  } ],
  "links" : [ ],
  "hidden" : false,
  "retry" : false,
  "extra" : {
    "severity" : "normal",
    "retries" : [ {
      "uid" : "9c2fb06e26eae661",
      "status" : "failed",
      "statusDetails" : "Error comparing image fileFindFailed: C:\\\\Automation\\\\Automation_Project\\\\ImageRepository\\GrafanaUserPic.png: (48x56) in R[0,0 1920x1080]@S(0)\n  Line 2287, in file Region.java\n",
      "time" : {
        "start" : 1631361935290,
        "stop" : 1631361936589,
        "duration" : 1299
      }
    }, {
      "uid" : "5ef05149788ab03",
      "status" : "failed",
      "statusDetails" : "Error comparing image fileFindFailed: C:\\\\Automation\\\\Automation_Project\\\\ImageRepository\\GrafanaUserPic.png: (48x56) in R[0,0 1920x1080]@S(0)\n  Line 2287, in file Region.java\n",
      "time" : {
        "start" : 1631350330594,
        "stop" : 1631350331494,
        "duration" : 900
      }
    } ],
    "categories" : [ {
      "name" : "Product defects",
      "matchedStatuses" : [ ],
      "flaky" : false
    } ],
    "history" : {
      "statistic" : {
        "failed" : 7,
        "broken" : 0,
        "skipped" : 0,
        "passed" : 0,
        "unknown" : 0,
        "total" : 7
      },
      "items" : [ {
        "uid" : "4bc23ef3dfef2d49",
        "reportUrl" : "http://localhost:9090/job/Sanity%20Tests%20Electron%20Automation/5/allure/#testresult/4bc23ef3dfef2d49",
        "status" : "failed",
        "statusDetails" : "Error comparing image fileFindFailed: C:\\\\Automation\\\\Automation_Project\\\\ImageRepository\\GrafanaUserPic.png: (48x56) in R[0,0 1920x1080]@S(0)\n  Line 2287, in file Region.java\n",
        "time" : {
          "start" : 1631362175067,
          "stop" : 1631362176678,
          "duration" : 1611
        }
      }, {
        "uid" : "f693f40082dc97b8",
        "reportUrl" : "http://localhost:9090/job/Sanity%20Tests%20Electron%20Automation/4/allure/#testresult/f693f40082dc97b8",
        "status" : "failed",
        "statusDetails" : "Error comparing image fileFindFailed: C:\\\\Automation\\\\Automation_Project\\\\ImageRepository\\GrafanaUserPic.png: (48x56) in R[0,0 1920x1080]@S(0)\n  Line 2287, in file Region.java\n",
        "time" : {
          "start" : 1631362175067,
          "stop" : 1631362176678,
          "duration" : 1611
        }
      }, {
        "uid" : "819241c93030b336",
        "reportUrl" : "http://localhost:9090/job/Sanity%20Tests%20Electron%20Automation/3/allure/#testresult/819241c93030b336",
        "status" : "failed",
        "statusDetails" : "Error comparing image fileFindFailed: C:\\\\Automation\\\\Automation_Project\\\\ImageRepository\\GrafanaUserPic.png: (48x56) in R[0,0 1920x1080]@S(0)\n  Line 2287, in file Region.java\n",
        "time" : {
          "start" : 1631362175067,
          "stop" : 1631362176678,
          "duration" : 1611
        }
      }, {
        "uid" : "13e49733d96f054",
        "reportUrl" : "http://localhost:9090/job/Sanity%20Tests%20Electron%20Automation/2/allure/#testresult/13e49733d96f054",
        "status" : "failed",
        "statusDetails" : "Error comparing image fileFindFailed: C:\\\\Automation\\\\Automation_Project\\\\ImageRepository\\GrafanaUserPic.png: (48x56) in R[0,0 1920x1080]@S(0)\n  Line 2287, in file Region.java\n",
        "time" : {
          "start" : 1631362175067,
          "stop" : 1631362176678,
          "duration" : 1611
        }
      }, {
        "uid" : "90d7260081fca03c",
        "reportUrl" : "http://localhost:9090/job/Sanity%20Tests%20Electron%20Automation/1/allure/#testresult/90d7260081fca03c",
        "status" : "failed",
        "statusDetails" : "Error comparing image fileFindFailed: C:\\\\Automation\\\\Automation_Project\\\\ImageRepository\\GrafanaUserPic.png: (48x56) in R[0,0 1920x1080]@S(0)\n  Line 2287, in file Region.java\n",
        "time" : {
          "start" : 1631350330594,
          "stop" : 1631350331494,
          "duration" : 900
        }
      }, {
        "uid" : "e87190dbf865a8e3",
        "reportUrl" : "http://localhost:9090/job/Sanity%20Tests%20Desktop%20Automation/1/allure/#testresult/e87190dbf865a8e3",
        "status" : "failed",
        "statusDetails" : "Error comparing image fileFindFailed: C:\\\\Automation\\\\Automation_Project\\\\ImageRepository\\GrafanaUserPic.png: (48x56) in R[0,0 1920x1080]@S(0)\n  Line 2287, in file Region.java\n",
        "time" : {
          "start" : 1631350330594,
          "stop" : 1631350331494,
          "duration" : 900
        }
      } ]
    },
    "tags" : [ ]
  },
  "source" : "f8c37b20a8f771f5.json",
  "parameterValues" : [ "web" ]
}